[2021-03-24 12:26:13Z INFO HostContext] No proxy settings were found based on environmental variables (http_proxy/https_proxy/HTTP_PROXY/HTTPS_PROXY)
[2021-03-24 12:26:13Z INFO HostContext] Well known directory 'Bin': 'D:\Web_projects\Udemy - complete Guilde to Vue3 by Max Sch NEW\Section 10 - App Learning Resource\runner\bin'
[2021-03-24 12:26:13Z INFO HostContext] Well known directory 'Root': 'D:\Web_projects\Udemy - complete Guilde to Vue3 by Max Sch NEW\Section 10 - App Learning Resource\runner'
[2021-03-24 12:26:13Z INFO HostContext] Well known config file 'Credentials': 'D:\Web_projects\Udemy - complete Guilde to Vue3 by Max Sch NEW\Section 10 - App Learning Resource\runner\.credentials'
[2021-03-24 12:26:13Z INFO Listener] Runner is built for Windows (X64) - win-x64.
[2021-03-24 12:26:13Z INFO Listener] RuntimeInformation: Microsoft Windows 10.0.19042.
[2021-03-24 12:26:13Z INFO Listener] Version: 2.277.1
[2021-03-24 12:26:13Z INFO Listener] Commit: 183a3dd9a0d4d51feddc5fe9fa6c3b5f8b08343d
[2021-03-24 12:26:13Z INFO Listener] Culture: en-GB
[2021-03-24 12:26:13Z INFO Listener] UI Culture: en-GB
[2021-03-24 12:26:13Z INFO HostContext] Well known directory 'Bin': 'D:\Web_projects\Udemy - complete Guilde to Vue3 by Max Sch NEW\Section 10 - App Learning Resource\runner\bin'
[2021-03-24 12:26:13Z INFO HostContext] Well known directory 'Root': 'D:\Web_projects\Udemy - complete Guilde to Vue3 by Max Sch NEW\Section 10 - App Learning Resource\runner'
[2021-03-24 12:26:13Z INFO Listener] Validating directory permissions for: 'D:\Web_projects\Udemy - complete Guilde to Vue3 by Max Sch NEW\Section 10 - App Learning Resource\runner'
[2021-03-24 12:26:13Z INFO CommandLineParser] Parse
[2021-03-24 12:26:13Z INFO CommandLineParser] Parsing 1 args
[2021-03-24 12:26:13Z INFO CommandLineParser] parsing argument
[2021-03-24 12:26:13Z INFO CommandLineParser] HasArgs: False
[2021-03-24 12:26:13Z INFO CommandLineParser] Adding Command: run
[2021-03-24 12:26:13Z INFO Listener] Arguments parsed
[2021-03-24 12:26:14Z INFO Runner] ExecuteCommand
[2021-03-24 12:26:14Z INFO ConfigurationStore] currentAssemblyLocation: D:\Web_projects\Udemy - complete Guilde to Vue3 by Max Sch NEW\Section 10 - App Learning Resource\runner\bin\Runner.Listener.dll
[2021-03-24 12:26:14Z INFO HostContext] Well known directory 'Bin': 'D:\Web_projects\Udemy - complete Guilde to Vue3 by Max Sch NEW\Section 10 - App Learning Resource\runner\bin'
[2021-03-24 12:26:14Z INFO ConfigurationStore] binPath: D:\Web_projects\Udemy - complete Guilde to Vue3 by Max Sch NEW\Section 10 - App Learning Resource\runner\bin
[2021-03-24 12:26:14Z INFO HostContext] Well known directory 'Bin': 'D:\Web_projects\Udemy - complete Guilde to Vue3 by Max Sch NEW\Section 10 - App Learning Resource\runner\bin'
[2021-03-24 12:26:14Z INFO HostContext] Well known directory 'Root': 'D:\Web_projects\Udemy - complete Guilde to Vue3 by Max Sch NEW\Section 10 - App Learning Resource\runner'
[2021-03-24 12:26:14Z INFO ConfigurationStore] RootFolder: D:\Web_projects\Udemy - complete Guilde to Vue3 by Max Sch NEW\Section 10 - App Learning Resource\runner
[2021-03-24 12:26:14Z INFO HostContext] Well known directory 'Bin': 'D:\Web_projects\Udemy - complete Guilde to Vue3 by Max Sch NEW\Section 10 - App Learning Resource\runner\bin'
[2021-03-24 12:26:14Z INFO HostContext] Well known directory 'Root': 'D:\Web_projects\Udemy - complete Guilde to Vue3 by Max Sch NEW\Section 10 - App Learning Resource\runner'
[2021-03-24 12:26:14Z INFO HostContext] Well known config file 'Runner': 'D:\Web_projects\Udemy - complete Guilde to Vue3 by Max Sch NEW\Section 10 - App Learning Resource\runner\.runner'
[2021-03-24 12:26:14Z INFO ConfigurationStore] ConfigFilePath: D:\Web_projects\Udemy - complete Guilde to Vue3 by Max Sch NEW\Section 10 - App Learning Resource\runner\.runner
[2021-03-24 12:26:14Z INFO HostContext] Well known directory 'Bin': 'D:\Web_projects\Udemy - complete Guilde to Vue3 by Max Sch NEW\Section 10 - App Learning Resource\runner\bin'
[2021-03-24 12:26:14Z INFO HostContext] Well known directory 'Root': 'D:\Web_projects\Udemy - complete Guilde to Vue3 by Max Sch NEW\Section 10 - App Learning Resource\runner'
[2021-03-24 12:26:14Z INFO HostContext] Well known config file 'Credentials': 'D:\Web_projects\Udemy - complete Guilde to Vue3 by Max Sch NEW\Section 10 - App Learning Resource\runner\.credentials'
[2021-03-24 12:26:14Z INFO ConfigurationStore] CredFilePath: D:\Web_projects\Udemy - complete Guilde to Vue3 by Max Sch NEW\Section 10 - App Learning Resource\runner\.credentials
[2021-03-24 12:26:14Z INFO HostContext] Well known directory 'Bin': 'D:\Web_projects\Udemy - complete Guilde to Vue3 by Max Sch NEW\Section 10 - App Learning Resource\runner\bin'
[2021-03-24 12:26:14Z INFO HostContext] Well known directory 'Root': 'D:\Web_projects\Udemy - complete Guilde to Vue3 by Max Sch NEW\Section 10 - App Learning Resource\runner'
[2021-03-24 12:26:14Z INFO HostContext] Well known config file 'MigratedCredentials': 'D:\Web_projects\Udemy - complete Guilde to Vue3 by Max Sch NEW\Section 10 - App Learning Resource\runner\.credentials_migrated'
[2021-03-24 12:26:14Z INFO ConfigurationStore] MigratedCredFilePath: D:\Web_projects\Udemy - complete Guilde to Vue3 by Max Sch NEW\Section 10 - App Learning Resource\runner\.credentials_migrated
[2021-03-24 12:26:14Z INFO HostContext] Well known directory 'Bin': 'D:\Web_projects\Udemy - complete Guilde to Vue3 by Max Sch NEW\Section 10 - App Learning Resource\runner\bin'
[2021-03-24 12:26:14Z INFO HostContext] Well known directory 'Root': 'D:\Web_projects\Udemy - complete Guilde to Vue3 by Max Sch NEW\Section 10 - App Learning Resource\runner'
[2021-03-24 12:26:14Z INFO HostContext] Well known config file 'Service': 'D:\Web_projects\Udemy - complete Guilde to Vue3 by Max Sch NEW\Section 10 - App Learning Resource\runner\.service'
[2021-03-24 12:26:14Z INFO ConfigurationStore] ServiceConfigFilePath: D:\Web_projects\Udemy - complete Guilde to Vue3 by Max Sch NEW\Section 10 - App Learning Resource\runner\.service
[2021-03-24 12:26:14Z INFO CommandSettings] Flag 'help': 'False'
[2021-03-24 12:26:14Z INFO CommandSettings] Flag 'version': 'False'
[2021-03-24 12:26:14Z INFO CommandSettings] Flag 'commit': 'False'
[2021-03-24 12:26:14Z INFO CommandSettings] Flag 'check': 'False'
[2021-03-24 12:26:14Z INFO CommandSettings] Command 'configure': 'False'
[2021-03-24 12:26:14Z INFO CommandSettings] Command 'remove': 'False'
[2021-03-24 12:26:14Z INFO CommandSettings] Command 'warmup': 'False'
[2021-03-24 12:26:14Z INFO ConfigurationManager] LoadSettings
[2021-03-24 12:26:14Z INFO ConfigurationStore] IsConfigured()
[2021-03-24 12:26:14Z INFO ConfigurationStore] IsConfigured: True
[2021-03-24 12:26:14Z INFO ConfigurationManager] Is configured: True
[2021-03-24 12:26:14Z INFO ConfigurationStore] Read setting file: 316 chars
[2021-03-24 12:26:14Z INFO ConfigurationManager] Settings Loaded
[2021-03-24 12:26:14Z INFO ConfigurationStore] IsServiceConfigured()
[2021-03-24 12:26:14Z INFO ConfigurationStore] IsServiceConfigured: True
[2021-03-24 12:26:14Z INFO CommandSettings] Command 'run': 'True'
[2021-03-24 12:26:14Z INFO ConfigurationStore] IsConfigured()
[2021-03-24 12:26:14Z INFO ConfigurationStore] IsConfigured: True
[2021-03-24 12:26:14Z INFO ConfigurationManager] Is configured: True
[2021-03-24 12:26:14Z INFO Runner] Try determine runner startup type base on console redirects.
[2021-03-24 12:26:14Z INFO Runner] Set runner startup type - Manual
[2021-03-24 12:26:14Z INFO CommandSettings] Flag 'once': 'False'
[2021-03-24 12:26:14Z INFO Runner] RunAsync
[2021-03-24 12:26:14Z INFO ConfigurationManager] LoadSettings
[2021-03-24 12:26:14Z INFO ConfigurationStore] IsConfigured()
[2021-03-24 12:26:14Z INFO ConfigurationStore] IsConfigured: True
[2021-03-24 12:26:14Z INFO ConfigurationManager] Is configured: True
[2021-03-24 12:26:14Z INFO ConfigurationManager] Settings Loaded
[2021-03-24 12:26:14Z INFO MessageListener] {
  "AgentId": 24,
  "AgentName": "DESKTOP-Q9JAL8D",
  "PoolId": 1,
  "PoolName": "Default",
  "ServerUrl": "https://pipelines.actions.githubusercontent.com/ARGCCvQCN6dSW3Ccze6yUrZs28dw8mIDs9b33ub6cuh3kK4uev",
  "GitHubUrl": "https://github.com/allybi-design/Vue3---Resources-App",
  "WorkFolder": "deploy"
}
[2021-03-24 12:26:14Z INFO MessageListener] Loading Credentials
[2021-03-24 12:26:14Z INFO ConfigurationStore] HasCredentials()
[2021-03-24 12:26:14Z INFO ConfigurationStore] stored True
[2021-03-24 12:26:14Z INFO CredentialManager] GetCredentialProvider
[2021-03-24 12:26:14Z INFO CredentialManager] Creating type OAuth
[2021-03-24 12:26:14Z INFO CredentialManager] Creating credential type: OAuth
[2021-03-24 12:26:14Z INFO HostContext] Well known directory 'Bin': 'D:\Web_projects\Udemy - complete Guilde to Vue3 by Max Sch NEW\Section 10 - App Learning Resource\runner\bin'
[2021-03-24 12:26:14Z INFO HostContext] Well known directory 'Root': 'D:\Web_projects\Udemy - complete Guilde to Vue3 by Max Sch NEW\Section 10 - App Learning Resource\runner'
[2021-03-24 12:26:14Z INFO HostContext] Well known config file 'RSACredentials': 'D:\Web_projects\Udemy - complete Guilde to Vue3 by Max Sch NEW\Section 10 - App Learning Resource\runner\.credentials_rsaparams'
[2021-03-24 12:26:14Z INFO RSAEncryptedFileKeyManager] Loading RSA key parameters from file D:\Web_projects\Udemy - complete Guilde to Vue3 by Max Sch NEW\Section 10 - App Learning Resource\runner\.credentials_rsaparams
[2021-03-24 12:26:14Z INFO MessageListener] Attempt to create session.
[2021-03-24 12:26:14Z INFO MessageListener] Connecting to the Runner Server...
[2021-03-24 12:26:14Z INFO RunnerServer] Establish connection with 100 seconds timeout.
[2021-03-24 12:26:14Z INFO GitHubActionsService] Starting operation Location.GetConnectionData
[2021-03-24 12:26:14Z INFO RunnerServer] Establish connection with 60 seconds timeout.
[2021-03-24 12:26:14Z INFO GitHubActionsService] Starting operation Location.GetConnectionData
[2021-03-24 12:26:14Z INFO RunnerServer] Establish connection with 60 seconds timeout.
[2021-03-24 12:26:14Z INFO GitHubActionsService] Starting operation Location.GetConnectionData
[2021-03-24 12:26:14Z INFO GitHubActionsService] Finished operation Location.GetConnectionData
[2021-03-24 12:26:14Z INFO GitHubActionsService] Finished operation Location.GetConnectionData
[2021-03-24 12:26:14Z INFO GitHubActionsService] Finished operation Location.GetConnectionData
[2021-03-24 12:26:14Z INFO MessageListener] VssConnection created
[2021-03-24 12:26:14Z INFO Terminal] WRITE LINE: 
[2021-03-24 12:26:14Z INFO Terminal] WRITE LINE: 
[2021-03-24 12:26:14Z WARN GitHubActionsService] Authentication failed with status code 401.
WWW-Authenticate: Bearer
Strict-Transport-Security: max-age=2592000
X-TFS-ProcessId: 0be2013e-ccc1-486c-a39e-dbb77631520f
ActivityId: cc4084eb-12bd-49dd-924e-c2a96b062d0e
X-TFS-Session: 333b0270-9293-408b-8363-4e6e6dd087cf
X-VSS-E2EID: 80799786-3562-4944-9a65-6720e7dbb01f
X-VSS-SenderDeploymentId: ac98198d-4d34-0364-420d-bafa6e51dce2
X-TFS-ServiceError: The+user+%27System%3aPublicAccess%3baaaaaaaa-aaaa-aaaa-aaaa-aaaaaaaaaaaa%27+is+not+authorized+to+access+this+resource.
X-VSS-S2STargetService: 0000005A-0000-8888-8000-000000000000/visualstudio.com
X-MSEdge-Ref: Ref A: ABDF8DE551BD4C718D0261427F9A2B70 Ref B: LON04EDGE1007 Ref C: 2021-03-24T12:26:15Z
Date: Wed, 24 Mar 2021 12:26:15 GMT

[2021-03-24 12:26:14Z INFO RSAEncryptedFileKeyManager] Loading RSA key parameters from file D:\Web_projects\Udemy - complete Guilde to Vue3 by Max Sch NEW\Section 10 - App Learning Resource\runner\.credentials_rsaparams
[2021-03-24 12:26:14Z INFO RSAEncryptedFileKeyManager] Loading RSA key parameters from file D:\Web_projects\Udemy - complete Guilde to Vue3 by Max Sch NEW\Section 10 - App Learning Resource\runner\.credentials_rsaparams
[2021-03-24 12:26:15Z INFO GitHubActionsService] AAD Correlation ID for this token request: Unknown
[2021-03-24 12:26:15Z ERR  GitHubActionsService] POST request to https://pipelines.actions.githubusercontent.com/ARGCCvQCN6dSW3Ccze6yUrZs28dw8mIDs9b33ub6cuh3kK4uev/_apis/distributedtask/pools/1/sessions failed. HTTP Status: Conflict, AFD Ref: Ref A: DE88F988B26E472386DD61F74E3B4A77 Ref B: LON04EDGE1007 Ref C: 2021-03-24T12:26:16Z
[2021-03-24 12:26:15Z ERR  MessageListener] Catch exception during create session.
[2021-03-24 12:26:15Z ERR  MessageListener] GitHub.DistributedTask.WebApi.TaskAgentSessionConflictException: The actions runner DESKTOP-Q9JAL8D already has an active session for owner DESKTOP-Q9JAL8D.
   at GitHub.Services.WebApi.VssHttpClientBase.HandleResponseAsync(HttpResponseMessage response, CancellationToken cancellationToken)
   at GitHub.Services.WebApi.VssHttpClientBase.SendAsync(HttpRequestMessage message, HttpCompletionOption completionOption, Object userState, CancellationToken cancellationToken)
   at GitHub.Services.WebApi.VssHttpClientBase.SendAsync[T](HttpRequestMessage message, Object userState, CancellationToken cancellationToken)
   at GitHub.Services.WebApi.VssHttpClientBase.SendAsync[T](HttpMethod method, IEnumerable`1 additionalHeaders, Guid locationId, Object routeValues, ApiResourceVersion version, HttpContent content, IEnumerable`1 queryParameters, Object userState, CancellationToken cancellationToken)
   at GitHub.Runner.Listener.MessageListener.CreateSessionAsync(CancellationToken token)
[2021-03-24 12:26:15Z INFO MessageListener] The session for this runner already exists.
[2021-03-24 12:26:15Z ERR  Terminal] WRITE ERROR: A session for this runner already exists.
[2021-03-24 12:26:15Z INFO MessageListener] The session conflict exception haven't reached retry limit.
[2021-03-24 12:26:15Z ERR  Terminal] WRITE ERROR: 2021-03-24 12:26:15Z: Runner connect error: The actions runner DESKTOP-Q9JAL8D already has an active session for owner DESKTOP-Q9JAL8D.. Retrying until reconnected.
[2021-03-24 12:26:15Z INFO MessageListener] Sleeping for 30 seconds before retrying.
[2021-03-24 12:26:45Z INFO MessageListener] Attempt to create session.
[2021-03-24 12:26:45Z INFO MessageListener] Connecting to the Runner Server...
[2021-03-24 12:26:45Z INFO RunnerServer] Establish connection with 100 seconds timeout.
[2021-03-24 12:26:45Z INFO GitHubActionsService] Starting operation Location.GetConnectionData
[2021-03-24 12:26:45Z INFO RunnerServer] Establish connection with 60 seconds timeout.
[2021-03-24 12:26:45Z INFO GitHubActionsService] Starting operation Location.GetConnectionData
[2021-03-24 12:26:45Z INFO RunnerServer] Establish connection with 60 seconds timeout.
[2021-03-24 12:26:45Z INFO GitHubActionsService] Starting operation Location.GetConnectionData
[2021-03-24 12:26:45Z INFO GitHubActionsService] Finished operation Location.GetConnectionData
[2021-03-24 12:26:45Z INFO GitHubActionsService] Finished operation Location.GetConnectionData
[2021-03-24 12:26:45Z INFO GitHubActionsService] Finished operation Location.GetConnectionData
[2021-03-24 12:26:45Z INFO MessageListener] VssConnection created
[2021-03-24 12:26:45Z INFO Terminal] WRITE LINE: 
[2021-03-24 12:26:45Z INFO Terminal] WRITE LINE: 
[2021-03-24 12:26:46Z ERR  GitHubActionsService] POST request to https://pipelines.actions.githubusercontent.com/ARGCCvQCN6dSW3Ccze6yUrZs28dw8mIDs9b33ub6cuh3kK4uev/_apis/distributedtask/pools/1/sessions failed. HTTP Status: Conflict, AFD Ref: Ref A: C64F85AA35244E16BB3AB196D196DABA Ref B: LON04EDGE0810 Ref C: 2021-03-24T12:26:46Z
[2021-03-24 12:26:46Z ERR  MessageListener] Catch exception during create session.
[2021-03-24 12:26:46Z ERR  MessageListener] GitHub.DistributedTask.WebApi.TaskAgentSessionConflictException: The actions runner DESKTOP-Q9JAL8D already has an active session for owner DESKTOP-Q9JAL8D.
   at GitHub.Services.WebApi.VssHttpClientBase.HandleResponseAsync(HttpResponseMessage response, CancellationToken cancellationToken)
   at GitHub.Services.WebApi.VssHttpClientBase.SendAsync(HttpRequestMessage message, HttpCompletionOption completionOption, Object userState, CancellationToken cancellationToken)
   at GitHub.Services.WebApi.VssHttpClientBase.SendAsync[T](HttpRequestMessage message, Object userState, CancellationToken cancellationToken)
   at GitHub.Services.WebApi.VssHttpClientBase.SendAsync[T](HttpMethod method, IEnumerable`1 additionalHeaders, Guid locationId, Object routeValues, ApiResourceVersion version, HttpContent content, IEnumerable`1 queryParameters, Object userState, CancellationToken cancellationToken)
   at GitHub.Runner.Listener.MessageListener.CreateSessionAsync(CancellationToken token)
[2021-03-24 12:26:46Z INFO MessageListener] The session for this runner already exists.
[2021-03-24 12:26:46Z ERR  Terminal] WRITE ERROR: A session for this runner already exists.
[2021-03-24 12:26:46Z INFO MessageListener] The session conflict exception haven't reached retry limit.
[2021-03-24 12:26:46Z INFO MessageListener] Sleeping for 30 seconds before retrying.
[2021-03-24 12:26:52Z INFO HostContext] Runner will be shutdown for UserCancelled
[2021-03-24 12:26:52Z INFO Listener] Runner execution been cancelled.
