[2021-03-24 12:25:02Z INFO HostContext] No proxy settings were found based on environmental variables (http_proxy/https_proxy/HTTP_PROXY/HTTPS_PROXY)
[2021-03-24 12:25:02Z INFO HostContext] Well known directory 'Bin': 'D:\Web_projects\Udemy - complete Guilde to Vue3 by Max Sch NEW\Section 10 - App Learning Resource\runner\bin'
[2021-03-24 12:25:02Z INFO HostContext] Well known directory 'Root': 'D:\Web_projects\Udemy - complete Guilde to Vue3 by Max Sch NEW\Section 10 - App Learning Resource\runner'
[2021-03-24 12:25:02Z INFO HostContext] Well known config file 'Credentials': 'D:\Web_projects\Udemy - complete Guilde to Vue3 by Max Sch NEW\Section 10 - App Learning Resource\runner\.credentials'
[2021-03-24 12:25:02Z INFO Listener] Runner is built for Windows (X64) - win-x64.
[2021-03-24 12:25:02Z INFO Listener] RuntimeInformation: Microsoft Windows 10.0.19042.
[2021-03-24 12:25:02Z INFO Listener] Version: 2.277.1
[2021-03-24 12:25:02Z INFO Listener] Commit: 183a3dd9a0d4d51feddc5fe9fa6c3b5f8b08343d
[2021-03-24 12:25:02Z INFO Listener] Culture: en-GB
[2021-03-24 12:25:02Z INFO Listener] UI Culture: en-GB
[2021-03-24 12:25:02Z INFO HostContext] Well known directory 'Bin': 'D:\Web_projects\Udemy - complete Guilde to Vue3 by Max Sch NEW\Section 10 - App Learning Resource\runner\bin'
[2021-03-24 12:25:02Z INFO HostContext] Well known directory 'Root': 'D:\Web_projects\Udemy - complete Guilde to Vue3 by Max Sch NEW\Section 10 - App Learning Resource\runner'
[2021-03-24 12:25:02Z INFO Listener] Validating directory permissions for: 'D:\Web_projects\Udemy - complete Guilde to Vue3 by Max Sch NEW\Section 10 - App Learning Resource\runner'
[2021-03-24 12:25:02Z INFO CommandLineParser] Parse
[2021-03-24 12:25:02Z INFO CommandLineParser] Parsing 5 args
[2021-03-24 12:25:02Z INFO CommandLineParser] parsing argument
[2021-03-24 12:25:02Z INFO CommandLineParser] HasArgs: False
[2021-03-24 12:25:02Z INFO CommandLineParser] Adding Command: configure
[2021-03-24 12:25:02Z INFO CommandLineParser] parsing argument
[2021-03-24 12:25:02Z INFO CommandLineParser] HasArgs: True
[2021-03-24 12:25:02Z INFO CommandLineParser] arg: url
[2021-03-24 12:25:02Z INFO CommandLineParser] parsing argument
[2021-03-24 12:25:02Z INFO CommandLineParser] HasArgs: True
[2021-03-24 12:25:02Z INFO CommandLineParser] Adding option 'url': 'https://github.com/allybi-design/Vue3---Resources-App'
[2021-03-24 12:25:02Z INFO CommandLineParser] parsing argument
[2021-03-24 12:25:02Z INFO CommandLineParser] HasArgs: True
[2021-03-24 12:25:02Z INFO CommandLineParser] arg: token
[2021-03-24 12:25:02Z INFO CommandLineParser] parsing argument
[2021-03-24 12:25:02Z INFO CommandLineParser] HasArgs: True
[2021-03-24 12:25:02Z INFO CommandLineParser] Adding option 'token': '***'
[2021-03-24 12:25:02Z INFO Listener] Arguments parsed
[2021-03-24 12:25:02Z INFO Runner] ExecuteCommand
[2021-03-24 12:25:02Z INFO ConfigurationStore] currentAssemblyLocation: D:\Web_projects\Udemy - complete Guilde to Vue3 by Max Sch NEW\Section 10 - App Learning Resource\runner\bin\Runner.Listener.dll
[2021-03-24 12:25:02Z INFO HostContext] Well known directory 'Bin': 'D:\Web_projects\Udemy - complete Guilde to Vue3 by Max Sch NEW\Section 10 - App Learning Resource\runner\bin'
[2021-03-24 12:25:02Z INFO ConfigurationStore] binPath: D:\Web_projects\Udemy - complete Guilde to Vue3 by Max Sch NEW\Section 10 - App Learning Resource\runner\bin
[2021-03-24 12:25:02Z INFO HostContext] Well known directory 'Bin': 'D:\Web_projects\Udemy - complete Guilde to Vue3 by Max Sch NEW\Section 10 - App Learning Resource\runner\bin'
[2021-03-24 12:25:02Z INFO HostContext] Well known directory 'Root': 'D:\Web_projects\Udemy - complete Guilde to Vue3 by Max Sch NEW\Section 10 - App Learning Resource\runner'
[2021-03-24 12:25:02Z INFO ConfigurationStore] RootFolder: D:\Web_projects\Udemy - complete Guilde to Vue3 by Max Sch NEW\Section 10 - App Learning Resource\runner
[2021-03-24 12:25:02Z INFO HostContext] Well known directory 'Bin': 'D:\Web_projects\Udemy - complete Guilde to Vue3 by Max Sch NEW\Section 10 - App Learning Resource\runner\bin'
[2021-03-24 12:25:02Z INFO HostContext] Well known directory 'Root': 'D:\Web_projects\Udemy - complete Guilde to Vue3 by Max Sch NEW\Section 10 - App Learning Resource\runner'
[2021-03-24 12:25:02Z INFO HostContext] Well known config file 'Runner': 'D:\Web_projects\Udemy - complete Guilde to Vue3 by Max Sch NEW\Section 10 - App Learning Resource\runner\.runner'
[2021-03-24 12:25:02Z INFO ConfigurationStore] ConfigFilePath: D:\Web_projects\Udemy - complete Guilde to Vue3 by Max Sch NEW\Section 10 - App Learning Resource\runner\.runner
[2021-03-24 12:25:02Z INFO HostContext] Well known directory 'Bin': 'D:\Web_projects\Udemy - complete Guilde to Vue3 by Max Sch NEW\Section 10 - App Learning Resource\runner\bin'
[2021-03-24 12:25:02Z INFO HostContext] Well known directory 'Root': 'D:\Web_projects\Udemy - complete Guilde to Vue3 by Max Sch NEW\Section 10 - App Learning Resource\runner'
[2021-03-24 12:25:02Z INFO HostContext] Well known config file 'Credentials': 'D:\Web_projects\Udemy - complete Guilde to Vue3 by Max Sch NEW\Section 10 - App Learning Resource\runner\.credentials'
[2021-03-24 12:25:02Z INFO ConfigurationStore] CredFilePath: D:\Web_projects\Udemy - complete Guilde to Vue3 by Max Sch NEW\Section 10 - App Learning Resource\runner\.credentials
[2021-03-24 12:25:02Z INFO HostContext] Well known directory 'Bin': 'D:\Web_projects\Udemy - complete Guilde to Vue3 by Max Sch NEW\Section 10 - App Learning Resource\runner\bin'
[2021-03-24 12:25:02Z INFO HostContext] Well known directory 'Root': 'D:\Web_projects\Udemy - complete Guilde to Vue3 by Max Sch NEW\Section 10 - App Learning Resource\runner'
[2021-03-24 12:25:02Z INFO HostContext] Well known config file 'MigratedCredentials': 'D:\Web_projects\Udemy - complete Guilde to Vue3 by Max Sch NEW\Section 10 - App Learning Resource\runner\.credentials_migrated'
[2021-03-24 12:25:02Z INFO ConfigurationStore] MigratedCredFilePath: D:\Web_projects\Udemy - complete Guilde to Vue3 by Max Sch NEW\Section 10 - App Learning Resource\runner\.credentials_migrated
[2021-03-24 12:25:02Z INFO HostContext] Well known directory 'Bin': 'D:\Web_projects\Udemy - complete Guilde to Vue3 by Max Sch NEW\Section 10 - App Learning Resource\runner\bin'
[2021-03-24 12:25:02Z INFO HostContext] Well known directory 'Root': 'D:\Web_projects\Udemy - complete Guilde to Vue3 by Max Sch NEW\Section 10 - App Learning Resource\runner'
[2021-03-24 12:25:02Z INFO HostContext] Well known config file 'Service': 'D:\Web_projects\Udemy - complete Guilde to Vue3 by Max Sch NEW\Section 10 - App Learning Resource\runner\.service'
[2021-03-24 12:25:02Z INFO ConfigurationStore] ServiceConfigFilePath: D:\Web_projects\Udemy - complete Guilde to Vue3 by Max Sch NEW\Section 10 - App Learning Resource\runner\.service
[2021-03-24 12:25:02Z INFO CommandSettings] Flag 'help': 'False'
[2021-03-24 12:25:02Z INFO CommandSettings] Flag 'version': 'False'
[2021-03-24 12:25:02Z INFO CommandSettings] Flag 'commit': 'False'
[2021-03-24 12:25:02Z INFO CommandSettings] Flag 'check': 'False'
[2021-03-24 12:25:02Z INFO CommandSettings] Command 'configure': 'True'
[2021-03-24 12:25:02Z INFO Terminal] WRITE LINE: 
[2021-03-24 12:25:02Z INFO Terminal] WRITE LINE: --------------------------------------------------------------------------------
[2021-03-24 12:25:02Z INFO Terminal] WRITE LINE: |        ____ _ _   _   _       _          _        _   _                      |
[2021-03-24 12:25:02Z INFO Terminal] WRITE LINE: |       / ___(_) |_| | | |_   _| |__      / \   ___| |_(_) ___  _ __  ___      |
[2021-03-24 12:25:02Z INFO Terminal] WRITE LINE: |      | |  _| | __| |_| | | | | '_ \    / _ \ / __| __| |/ _ \| '_ \/ __|     |
[2021-03-24 12:25:02Z INFO Terminal] WRITE LINE: |      | |_| | | |_|  _  | |_| | |_) |  / ___ \ (__| |_| | (_) | | | \__ \     |
[2021-03-24 12:25:02Z INFO Terminal] WRITE LINE: |       \____|_|\__|_| |_|\__,_|_.__/  /_/   \_\___|\__|_|\___/|_| |_|___/     |
[2021-03-24 12:25:02Z INFO Terminal] WRITE LINE: |                                                                              |
[2021-03-24 12:25:02Z INFO Terminal] WRITE: |                       
[2021-03-24 12:25:02Z INFO Terminal] WRITE: Self-hosted runner registration
[2021-03-24 12:25:02Z INFO Terminal] WRITE LINE:                         |
[2021-03-24 12:25:02Z INFO Terminal] WRITE LINE: |                                                                              |
[2021-03-24 12:25:02Z INFO Terminal] WRITE LINE: --------------------------------------------------------------------------------
[2021-03-24 12:25:02Z INFO ConfigurationManager] ConfigureAsync
[2021-03-24 12:25:02Z INFO ConfigurationStore] IsConfigured()
[2021-03-24 12:25:02Z INFO ConfigurationStore] IsConfigured: False
[2021-03-24 12:25:02Z INFO ConfigurationManager] Is configured: False
[2021-03-24 12:25:02Z INFO CommandSettings] Arg 'url': 'https://github.com/allybi-design/Vue3---Resources-App'
[2021-03-24 12:25:02Z INFO CommandSettings] Remove url from Arg dictionary.
[2021-03-24 12:25:02Z INFO CommandSettings] Arg 'token': '***'
[2021-03-24 12:25:02Z INFO CommandSettings] Remove token from Arg dictionary.
[2021-03-24 12:25:02Z INFO ConfigurationManager] Http response code: OK from 'POST https://api.github.com/actions/runner-registration'
[2021-03-24 12:25:02Z INFO ConfigurationManager] cred retrieved via GitHub auth
[2021-03-24 12:25:02Z INFO RunnerServer] Establish connection with 100 seconds timeout.
[2021-03-24 12:25:02Z INFO GitHubActionsService] Starting operation Location.GetConnectionData
[2021-03-24 12:25:03Z INFO RunnerServer] Establish connection with 60 seconds timeout.
[2021-03-24 12:25:03Z INFO GitHubActionsService] Starting operation Location.GetConnectionData
[2021-03-24 12:25:03Z INFO RunnerServer] Establish connection with 60 seconds timeout.
[2021-03-24 12:25:03Z INFO GitHubActionsService] Starting operation Location.GetConnectionData
[2021-03-24 12:25:03Z INFO GitHubActionsService] Finished operation Location.GetConnectionData
[2021-03-24 12:25:03Z INFO GitHubActionsService] Finished operation Location.GetConnectionData
[2021-03-24 12:25:03Z INFO GitHubActionsService] Finished operation Location.GetConnectionData
[2021-03-24 12:25:03Z INFO Terminal] WRITE LINE: 
[2021-03-24 12:25:03Z INFO ConfigurationManager] Test Connection complete.
[2021-03-24 12:25:03Z INFO HostContext] Well known directory 'Bin': 'D:\Web_projects\Udemy - complete Guilde to Vue3 by Max Sch NEW\Section 10 - App Learning Resource\runner\bin'
[2021-03-24 12:25:03Z INFO HostContext] Well known directory 'Root': 'D:\Web_projects\Udemy - complete Guilde to Vue3 by Max Sch NEW\Section 10 - App Learning Resource\runner'
[2021-03-24 12:25:03Z INFO HostContext] Well known config file 'RSACredentials': 'D:\Web_projects\Udemy - complete Guilde to Vue3 by Max Sch NEW\Section 10 - App Learning Resource\runner\.credentials_rsaparams'
[2021-03-24 12:25:03Z INFO RSAEncryptedFileKeyManager] Creating new RSA key using 2048-bit key length
[2021-03-24 12:25:03Z INFO RSAEncryptedFileKeyManager] Successfully saved RSA key parameters to file D:\Web_projects\Udemy - complete Guilde to Vue3 by Max Sch NEW\Section 10 - App Learning Resource\runner\.credentials_rsaparams
[2021-03-24 12:25:03Z INFO ConfigurationManager] Found a self-hosted runner group with id {1} and name {2} 1, Default
[2021-03-24 12:25:03Z INFO CommandSettings] Arg 'name': ''
[2021-03-24 12:25:03Z INFO CommandSettings] Flag 'unattended': 'False'
[2021-03-24 12:25:03Z INFO PromptManager] ReadValue
[2021-03-24 12:25:03Z INFO Terminal] WRITE: Enter the name of runner: 
[2021-03-24 12:25:03Z INFO Terminal] WRITE: [press Enter for DESKTOP-Q9JAL8D] 
[2021-03-24 12:25:03Z INFO Terminal] READ LINE
[2021-03-24 12:25:09Z INFO Terminal] Read value: ''
[2021-03-24 12:25:09Z INFO PromptManager] Falling back to the default: 'DESKTOP-Q9JAL8D'
[2021-03-24 12:25:09Z INFO Terminal] WRITE LINE: 
[2021-03-24 12:25:09Z INFO CommandSettings] Arg 'labels': ''
[2021-03-24 12:25:09Z INFO CommandSettings] Flag 'unattended': 'False'
[2021-03-24 12:25:09Z INFO PromptManager] ReadValue
[2021-03-24 12:25:09Z INFO Terminal] WRITE: This runner will have the following labels: 'self-hosted', 'Windows', 'X64' 
Enter any additional labels (ex. label-1,label-2): 
[2021-03-24 12:25:09Z INFO Terminal] WRITE: [press Enter to skip] 
[2021-03-24 12:25:09Z INFO Terminal] READ LINE
[2021-03-24 12:25:19Z INFO Terminal] Read value: ''
[2021-03-24 12:25:19Z INFO Terminal] WRITE LINE: 
[2021-03-24 12:25:19Z INFO ConfigurationStore] Saving OAuth credential @ D:\Web_projects\Udemy - complete Guilde to Vue3 by Max Sch NEW\Section 10 - App Learning Resource\runner\.credentials
[2021-03-24 12:25:19Z INFO ConfigurationStore] Credentials Saved.
[2021-03-24 12:25:19Z INFO ConfigurationStore] HasCredentials()
[2021-03-24 12:25:19Z INFO ConfigurationStore] stored True
[2021-03-24 12:25:19Z INFO CredentialManager] GetCredentialProvider
[2021-03-24 12:25:19Z INFO CredentialManager] Creating type OAuth
[2021-03-24 12:25:19Z INFO CredentialManager] Creating credential type: OAuth
[2021-03-24 12:25:19Z INFO RSAEncryptedFileKeyManager] Loading RSA key parameters from file D:\Web_projects\Udemy - complete Guilde to Vue3 by Max Sch NEW\Section 10 - App Learning Resource\runner\.credentials_rsaparams
[2021-03-24 12:25:19Z INFO RunnerServer] Establish connection with 100 seconds timeout.
[2021-03-24 12:25:19Z INFO GitHubActionsService] Starting operation Location.GetConnectionData
[2021-03-24 12:25:19Z INFO RunnerServer] Establish connection with 60 seconds timeout.
[2021-03-24 12:25:19Z INFO GitHubActionsService] Starting operation Location.GetConnectionData
[2021-03-24 12:25:19Z INFO RunnerServer] Establish connection with 60 seconds timeout.
[2021-03-24 12:25:19Z INFO GitHubActionsService] Starting operation Location.GetConnectionData
[2021-03-24 12:25:20Z INFO GitHubActionsService] Finished operation Location.GetConnectionData
[2021-03-24 12:25:20Z INFO GitHubActionsService] Finished operation Location.GetConnectionData
[2021-03-24 12:25:20Z INFO GitHubActionsService] Finished operation Location.GetConnectionData
[2021-03-24 12:25:20Z WARN GitHubActionsService] Authentication failed with status code 401.
WWW-Authenticate: Bearer
Strict-Transport-Security: max-age=2592000
X-TFS-ProcessId: b00bc694-6154-4682-a5c8-27879d9ff3a3
ActivityId: f1cc0427-a2a7-43b7-bcf3-190549f017da
X-TFS-Session: f55b3a47-48ca-47ad-a163-d13cc578250f
X-VSS-E2EID: 3cf78cd0-5783-4a3c-9f82-ce1e18870b44
X-VSS-SenderDeploymentId: ac98198d-4d34-0364-420d-bafa6e51dce2
X-TFS-ServiceError: The+user+%27System%3aPublicAccess%3baaaaaaaa-aaaa-aaaa-aaaa-aaaaaaaaaaaa%27+is+not+authorized+to+access+this+resource.
X-VSS-S2STargetService: 0000005A-0000-8888-8000-000000000000/visualstudio.com
X-MSEdge-Ref: Ref A: 66BCC1359D4D444888E49C8537AE440C Ref B: LON04EDGE1209 Ref C: 2021-03-24T12:25:21Z
Date: Wed, 24 Mar 2021 12:25:20 GMT

[2021-03-24 12:25:20Z INFO RSAEncryptedFileKeyManager] Loading RSA key parameters from file D:\Web_projects\Udemy - complete Guilde to Vue3 by Max Sch NEW\Section 10 - App Learning Resource\runner\.credentials_rsaparams
[2021-03-24 12:25:20Z INFO RSAEncryptedFileKeyManager] Loading RSA key parameters from file D:\Web_projects\Udemy - complete Guilde to Vue3 by Max Sch NEW\Section 10 - App Learning Resource\runner\.credentials_rsaparams
[2021-03-24 12:25:20Z INFO GitHubActionsService] AAD Correlation ID for this token request: Unknown
[2021-03-24 12:25:20Z INFO CommandSettings] Arg 'work': ''
[2021-03-24 12:25:20Z INFO CommandSettings] Flag 'unattended': 'False'
[2021-03-24 12:25:20Z INFO PromptManager] ReadValue
[2021-03-24 12:25:20Z INFO Terminal] WRITE: Enter name of work folder: 
[2021-03-24 12:25:20Z INFO Terminal] WRITE: [press Enter for _work] 
[2021-03-24 12:25:20Z INFO Terminal] READ LINE
[2021-03-24 12:25:42Z INFO Terminal] Read value: 'deploy'
[2021-03-24 12:25:42Z INFO ConfigurationStore] Saving runner settings.
[2021-03-24 12:25:42Z INFO ConfigurationStore] Settings Saved.
[2021-03-24 12:25:42Z INFO Terminal] WRITE LINE: 
[2021-03-24 12:25:42Z INFO Terminal] WRITE LINE: 
[2021-03-24 12:25:42Z INFO CommandSettings] Flag 'runasservice': 'False'
[2021-03-24 12:25:42Z INFO CommandSettings] Flag 'unattended': 'False'
[2021-03-24 12:25:42Z INFO PromptManager] ReadValue
[2021-03-24 12:25:42Z INFO Terminal] WRITE: Would you like to run the runner as service? (Y/N) 
[2021-03-24 12:25:42Z INFO Terminal] WRITE: [press Enter for N] 
[2021-03-24 12:25:42Z INFO Terminal] READ LINE
[2021-03-24 12:25:49Z INFO Terminal] Read value: 'Y'
[2021-03-24 12:25:49Z INFO ConfigurationManager] Configuring to run the agent as service
[2021-03-24 12:25:49Z INFO CommandSettings] Arg 'windowslogonaccount': ''
[2021-03-24 12:25:49Z INFO CommandSettings] Flag 'unattended': 'False'
[2021-03-24 12:25:49Z INFO PromptManager] ReadValue
[2021-03-24 12:25:49Z INFO Terminal] WRITE: User account to use for the service 
[2021-03-24 12:25:49Z INFO Terminal] WRITE: [press Enter for NT AUTHORITY\NETWORK SERVICE] 
[2021-03-24 12:25:49Z INFO Terminal] READ LINE
[2021-03-24 12:25:57Z INFO Terminal] Read value: ''
[2021-03-24 12:25:57Z INFO PromptManager] Falling back to the default: 'NT AUTHORITY\NETWORK SERVICE'
[2021-03-24 12:25:57Z INFO WindowsServiceControlManager] LogonAccount after transforming: NT AUTHORITY\NETWORK SERVICE, user: NETWORK SERVICE, domain: NT AUTHORITY
[2021-03-24 12:25:57Z INFO WindowsServiceControlManager] Service name 'actions.runner.allybi-design-Vue3---Resources-App.DESKTOP-Q9JAL8D' display name 'GitHub Actions Runner (allybi-design-Vue3---Resources-App.DESKTOP-Q9JAL8D)' will be used for service configuration.
[2021-03-24 12:25:57Z INFO WindowsServiceControlManager] Verifying if the account has LogonAsService permission
[2021-03-24 12:25:57Z INFO NativeWindowsServiceHelper] Successfully grant logon as service privilege to account 'NETWORK SERVICE'
[2021-03-24 12:25:57Z INFO WindowsServiceControlManager] Create local group and grant folder permission to service logon account.
[2021-03-24 12:25:57Z INFO HostContext] Well known directory 'Bin': 'D:\Web_projects\Udemy - complete Guilde to Vue3 by Max Sch NEW\Section 10 - App Learning Resource\runner\bin'
[2021-03-24 12:25:57Z INFO HostContext] Well known directory 'Root': 'D:\Web_projects\Udemy - complete Guilde to Vue3 by Max Sch NEW\Section 10 - App Learning Resource\runner'
[2021-03-24 12:25:57Z INFO ConfigurationStore] Read setting file: 316 chars
[2021-03-24 12:25:57Z INFO HostContext] Well known directory 'Bin': 'D:\Web_projects\Udemy - complete Guilde to Vue3 by Max Sch NEW\Section 10 - App Learning Resource\runner\bin'
[2021-03-24 12:25:57Z INFO HostContext] Well known directory 'Root': 'D:\Web_projects\Udemy - complete Guilde to Vue3 by Max Sch NEW\Section 10 - App Learning Resource\runner'
[2021-03-24 12:25:57Z INFO HostContext] Well known directory 'Work': 'D:\Web_projects\Udemy - complete Guilde to Vue3 by Max Sch NEW\Section 10 - App Learning Resource\runner\deploy'
[2021-03-24 12:25:57Z INFO HostContext] Well known directory 'Bin': 'D:\Web_projects\Udemy - complete Guilde to Vue3 by Max Sch NEW\Section 10 - App Learning Resource\runner\bin'
[2021-03-24 12:25:57Z INFO NativeWindowsServiceHelper] Calculated unique group name GITHUB_ActionsRunner_G04219
[2021-03-24 12:25:57Z INFO NativeWindowsServiceHelper] Trying to create group GITHUB_ActionsRunner_G04219
[2021-03-24 12:25:57Z INFO NativeWindowsServiceHelper] Local Group 'GITHUB_ActionsRunner_G04219' created
[2021-03-24 12:25:57Z INFO NativeWindowsServiceHelper] Trying to add userName NT AUTHORITY\NETWORK SERVICE to the group GITHUB_ActionsRunner_G04219
[2021-03-24 12:25:57Z INFO NativeWindowsServiceHelper] Account 'NT AUTHORITY\NETWORK SERVICE' is added to local group 'GITHUB_ActionsRunner_G04219'.
[2021-03-24 12:25:57Z INFO NativeWindowsServiceHelper] Set full access control to group for the folder D:\Web_projects\Udemy - complete Guilde to Vue3 by Max Sch NEW\Section 10 - App Learning Resource\runner
[2021-03-24 12:25:57Z INFO NativeWindowsServiceHelper] Set full access control to group for the folder D:\Web_projects\Udemy - complete Guilde to Vue3 by Max Sch NEW\Section 10 - App Learning Resource\runner\deploy
[2021-03-24 12:25:57Z INFO NativeWindowsServiceHelper] Local group 'GITHUB_ActionsRunner_G04219' already has full control to path 'D:\Web_projects\Udemy - complete Guilde to Vue3 by Max Sch NEW\Section 10 - App Learning Resource\runner\deploy'.
[2021-03-24 12:25:57Z INFO Terminal] WRITE LINE: Granting file permissions to 'NT AUTHORITY\NETWORK SERVICE'.
[2021-03-24 12:25:57Z INFO HostContext] Well known directory 'Bin': 'D:\Web_projects\Udemy - complete Guilde to Vue3 by Max Sch NEW\Section 10 - App Learning Resource\runner\bin'
[2021-03-24 12:25:57Z INFO ProcessInvokerWrapper] Starting process:
[2021-03-24 12:25:57Z INFO ProcessInvokerWrapper]   File name: '"D:\Web_projects\Udemy - complete Guilde to Vue3 by Max Sch NEW\Section 10 - App Learning Resource\runner\bin\RunnerService.exe"'
[2021-03-24 12:25:57Z INFO ProcessInvokerWrapper]   Arguments: 'init'
[2021-03-24 12:25:57Z INFO ProcessInvokerWrapper]   Working directory: ''
[2021-03-24 12:25:57Z INFO ProcessInvokerWrapper]   Require exit code zero: 'True'
[2021-03-24 12:25:57Z INFO ProcessInvokerWrapper]   Encoding web name:  ; code page: ''
[2021-03-24 12:25:57Z INFO ProcessInvokerWrapper]   Force kill process on cancellation: 'False'
[2021-03-24 12:25:57Z INFO ProcessInvokerWrapper]   Redirected STDIN: 'False'
[2021-03-24 12:25:57Z INFO ProcessInvokerWrapper]   Persist current code page: 'False'
[2021-03-24 12:25:57Z INFO ProcessInvokerWrapper]   Keep redirected STDIN open: 'False'
[2021-03-24 12:25:57Z INFO ProcessInvokerWrapper]   High priority process: 'False'
[2021-03-24 12:25:57Z INFO ProcessInvokerWrapper] Process started with process id 7964, waiting for process exit.
[2021-03-24 12:25:57Z INFO ProcessInvokerWrapper] STDOUT/STDERR stream read finished.
[2021-03-24 12:25:57Z INFO ProcessInvokerWrapper] STDOUT/STDERR stream read finished.
[2021-03-24 12:25:57Z INFO ProcessInvokerWrapper] Finished process 7964 with exit code 0, and elapsed time 00:00:00.1363231.
[2021-03-24 12:25:57Z INFO Terminal] WRITE LINE: Service actions.runner.allybi-design-Vue3---Resources-App.DESKTOP-Q9JAL8D successfully installed
[2021-03-24 12:25:57Z INFO Terminal] WRITE LINE: Service actions.runner.allybi-design-Vue3---Resources-App.DESKTOP-Q9JAL8D successfully set recovery option
[2021-03-24 12:25:57Z INFO Terminal] WRITE LINE: Service actions.runner.allybi-design-Vue3---Resources-App.DESKTOP-Q9JAL8D successfully set to delayed auto start
[2021-03-24 12:25:57Z INFO Terminal] WRITE LINE: Service actions.runner.allybi-design-Vue3---Resources-App.DESKTOP-Q9JAL8D successfully configured
[2021-03-24 12:25:57Z INFO HostContext] Well known directory 'Bin': 'D:\Web_projects\Udemy - complete Guilde to Vue3 by Max Sch NEW\Section 10 - App Learning Resource\runner\bin'
[2021-03-24 12:25:57Z INFO HostContext] Well known directory 'Root': 'D:\Web_projects\Udemy - complete Guilde to Vue3 by Max Sch NEW\Section 10 - App Learning Resource\runner'
[2021-03-24 12:25:57Z INFO HostContext] Well known config file 'Service': 'D:\Web_projects\Udemy - complete Guilde to Vue3 by Max Sch NEW\Section 10 - App Learning Resource\runner\.service'
[2021-03-24 12:25:57Z INFO WindowsServiceControlManager] Configuration was successful, trying to start the service
[2021-03-24 12:25:57Z INFO Terminal] WRITE LINE: Waiting for service to start...
[2021-03-24 12:25:57Z INFO Terminal] WRITE LINE: Service actions.runner.allybi-design-Vue3---Resources-App.DESKTOP-Q9JAL8D started successfully
[2021-03-24 12:25:57Z INFO Listener] Runner execution has finished with return code 0
