[2021-03-24 12:25:57Z INFO HostContext] No proxy settings were found based on environmental variables (http_proxy/https_proxy/HTTP_PROXY/HTTPS_PROXY)
[2021-03-24 12:25:57Z INFO HostContext] Well known directory 'Bin': 'D:\Web_projects\Udemy - complete Guilde to Vue3 by Max Sch NEW\Section 10 - App Learning Resource\runner\bin'
[2021-03-24 12:25:57Z INFO HostContext] Well known directory 'Root': 'D:\Web_projects\Udemy - complete Guilde to Vue3 by Max Sch NEW\Section 10 - App Learning Resource\runner'
[2021-03-24 12:25:57Z INFO HostContext] Well known config file 'Credentials': 'D:\Web_projects\Udemy - complete Guilde to Vue3 by Max Sch NEW\Section 10 - App Learning Resource\runner\.credentials'
[2021-03-24 12:25:57Z INFO Listener] Runner is built for Windows (X64) - win-x64.
[2021-03-24 12:25:57Z INFO Listener] RuntimeInformation: Microsoft Windows 10.0.19042.
[2021-03-24 12:25:57Z INFO Listener] Version: 2.277.1
[2021-03-24 12:25:57Z INFO Listener] Commit: 183a3dd9a0d4d51feddc5fe9fa6c3b5f8b08343d
[2021-03-24 12:25:57Z INFO Listener] Culture: en-GB
[2021-03-24 12:25:57Z INFO Listener] UI Culture: en-GB
[2021-03-24 12:25:57Z INFO HostContext] Well known directory 'Bin': 'D:\Web_projects\Udemy - complete Guilde to Vue3 by Max Sch NEW\Section 10 - App Learning Resource\runner\bin'
[2021-03-24 12:25:57Z INFO HostContext] Well known directory 'Root': 'D:\Web_projects\Udemy - complete Guilde to Vue3 by Max Sch NEW\Section 10 - App Learning Resource\runner'
[2021-03-24 12:25:57Z INFO Listener] Validating directory permissions for: 'D:\Web_projects\Udemy - complete Guilde to Vue3 by Max Sch NEW\Section 10 - App Learning Resource\runner'
[2021-03-24 12:25:57Z INFO CommandLineParser] Parse
[2021-03-24 12:25:57Z INFO CommandLineParser] Parsing 3 args
[2021-03-24 12:25:57Z INFO CommandLineParser] parsing argument
[2021-03-24 12:25:57Z INFO CommandLineParser] HasArgs: False
[2021-03-24 12:25:57Z INFO CommandLineParser] Adding Command: run
[2021-03-24 12:25:57Z INFO CommandLineParser] parsing argument
[2021-03-24 12:25:57Z INFO CommandLineParser] HasArgs: True
[2021-03-24 12:25:57Z INFO CommandLineParser] arg: startuptype
[2021-03-24 12:25:57Z INFO CommandLineParser] parsing argument
[2021-03-24 12:25:57Z INFO CommandLineParser] HasArgs: True
[2021-03-24 12:25:57Z INFO CommandLineParser] Adding option 'startuptype': 'service'
[2021-03-24 12:25:57Z INFO Listener] Arguments parsed
[2021-03-24 12:25:57Z INFO Runner] ExecuteCommand
[2021-03-24 12:25:57Z INFO ConfigurationStore] currentAssemblyLocation: D:\Web_projects\Udemy - complete Guilde to Vue3 by Max Sch NEW\Section 10 - App Learning Resource\runner\bin\Runner.Listener.dll
[2021-03-24 12:25:57Z INFO HostContext] Well known directory 'Bin': 'D:\Web_projects\Udemy - complete Guilde to Vue3 by Max Sch NEW\Section 10 - App Learning Resource\runner\bin'
[2021-03-24 12:25:57Z INFO ConfigurationStore] binPath: D:\Web_projects\Udemy - complete Guilde to Vue3 by Max Sch NEW\Section 10 - App Learning Resource\runner\bin
[2021-03-24 12:25:57Z INFO HostContext] Well known directory 'Bin': 'D:\Web_projects\Udemy - complete Guilde to Vue3 by Max Sch NEW\Section 10 - App Learning Resource\runner\bin'
[2021-03-24 12:25:57Z INFO HostContext] Well known directory 'Root': 'D:\Web_projects\Udemy - complete Guilde to Vue3 by Max Sch NEW\Section 10 - App Learning Resource\runner'
[2021-03-24 12:25:57Z INFO ConfigurationStore] RootFolder: D:\Web_projects\Udemy - complete Guilde to Vue3 by Max Sch NEW\Section 10 - App Learning Resource\runner
[2021-03-24 12:25:57Z INFO HostContext] Well known directory 'Bin': 'D:\Web_projects\Udemy - complete Guilde to Vue3 by Max Sch NEW\Section 10 - App Learning Resource\runner\bin'
[2021-03-24 12:25:57Z INFO HostContext] Well known directory 'Root': 'D:\Web_projects\Udemy - complete Guilde to Vue3 by Max Sch NEW\Section 10 - App Learning Resource\runner'
[2021-03-24 12:25:57Z INFO HostContext] Well known config file 'Runner': 'D:\Web_projects\Udemy - complete Guilde to Vue3 by Max Sch NEW\Section 10 - App Learning Resource\runner\.runner'
[2021-03-24 12:25:57Z INFO ConfigurationStore] ConfigFilePath: D:\Web_projects\Udemy - complete Guilde to Vue3 by Max Sch NEW\Section 10 - App Learning Resource\runner\.runner
[2021-03-24 12:25:57Z INFO HostContext] Well known directory 'Bin': 'D:\Web_projects\Udemy - complete Guilde to Vue3 by Max Sch NEW\Section 10 - App Learning Resource\runner\bin'
[2021-03-24 12:25:57Z INFO HostContext] Well known directory 'Root': 'D:\Web_projects\Udemy - complete Guilde to Vue3 by Max Sch NEW\Section 10 - App Learning Resource\runner'
[2021-03-24 12:25:57Z INFO HostContext] Well known config file 'Credentials': 'D:\Web_projects\Udemy - complete Guilde to Vue3 by Max Sch NEW\Section 10 - App Learning Resource\runner\.credentials'
[2021-03-24 12:25:57Z INFO ConfigurationStore] CredFilePath: D:\Web_projects\Udemy - complete Guilde to Vue3 by Max Sch NEW\Section 10 - App Learning Resource\runner\.credentials
[2021-03-24 12:25:57Z INFO HostContext] Well known directory 'Bin': 'D:\Web_projects\Udemy - complete Guilde to Vue3 by Max Sch NEW\Section 10 - App Learning Resource\runner\bin'
[2021-03-24 12:25:57Z INFO HostContext] Well known directory 'Root': 'D:\Web_projects\Udemy - complete Guilde to Vue3 by Max Sch NEW\Section 10 - App Learning Resource\runner'
[2021-03-24 12:25:57Z INFO HostContext] Well known config file 'MigratedCredentials': 'D:\Web_projects\Udemy - complete Guilde to Vue3 by Max Sch NEW\Section 10 - App Learning Resource\runner\.credentials_migrated'
[2021-03-24 12:25:57Z INFO ConfigurationStore] MigratedCredFilePath: D:\Web_projects\Udemy - complete Guilde to Vue3 by Max Sch NEW\Section 10 - App Learning Resource\runner\.credentials_migrated
[2021-03-24 12:25:57Z INFO HostContext] Well known directory 'Bin': 'D:\Web_projects\Udemy - complete Guilde to Vue3 by Max Sch NEW\Section 10 - App Learning Resource\runner\bin'
[2021-03-24 12:25:57Z INFO HostContext] Well known directory 'Root': 'D:\Web_projects\Udemy - complete Guilde to Vue3 by Max Sch NEW\Section 10 - App Learning Resource\runner'
[2021-03-24 12:25:57Z INFO HostContext] Well known config file 'Service': 'D:\Web_projects\Udemy - complete Guilde to Vue3 by Max Sch NEW\Section 10 - App Learning Resource\runner\.service'
[2021-03-24 12:25:57Z INFO ConfigurationStore] ServiceConfigFilePath: D:\Web_projects\Udemy - complete Guilde to Vue3 by Max Sch NEW\Section 10 - App Learning Resource\runner\.service
[2021-03-24 12:25:57Z INFO CommandSettings] Flag 'help': 'False'
[2021-03-24 12:25:57Z INFO CommandSettings] Flag 'version': 'False'
[2021-03-24 12:25:57Z INFO CommandSettings] Flag 'commit': 'False'
[2021-03-24 12:25:57Z INFO CommandSettings] Flag 'check': 'False'
[2021-03-24 12:25:57Z INFO CommandSettings] Command 'configure': 'False'
[2021-03-24 12:25:57Z INFO CommandSettings] Command 'remove': 'False'
[2021-03-24 12:25:57Z INFO CommandSettings] Command 'warmup': 'False'
[2021-03-24 12:25:57Z INFO ConfigurationManager] LoadSettings
[2021-03-24 12:25:57Z INFO ConfigurationStore] IsConfigured()
[2021-03-24 12:25:57Z INFO ConfigurationStore] IsConfigured: True
[2021-03-24 12:25:57Z INFO ConfigurationManager] Is configured: True
[2021-03-24 12:25:57Z INFO ConfigurationStore] Read setting file: 316 chars
[2021-03-24 12:25:57Z INFO ConfigurationManager] Settings Loaded
[2021-03-24 12:25:57Z INFO ConfigurationStore] IsServiceConfigured()
[2021-03-24 12:25:57Z INFO ConfigurationStore] IsServiceConfigured: True
[2021-03-24 12:25:57Z INFO CommandSettings] Command 'run': 'True'
[2021-03-24 12:25:57Z INFO ConfigurationStore] IsConfigured()
[2021-03-24 12:25:57Z INFO ConfigurationStore] IsConfigured: True
[2021-03-24 12:25:57Z INFO ConfigurationManager] Is configured: True
[2021-03-24 12:25:57Z INFO Runner] Set runner startup type - Service
[2021-03-24 12:25:57Z INFO CommandSettings] Flag 'once': 'False'
[2021-03-24 12:25:57Z INFO Runner] RunAsync
[2021-03-24 12:25:57Z INFO ConfigurationManager] LoadSettings
[2021-03-24 12:25:57Z INFO ConfigurationStore] IsConfigured()
[2021-03-24 12:25:57Z INFO ConfigurationStore] IsConfigured: True
[2021-03-24 12:25:57Z INFO ConfigurationManager] Is configured: True
[2021-03-24 12:25:57Z INFO ConfigurationManager] Settings Loaded
[2021-03-24 12:25:57Z INFO MessageListener] {
  "AgentId": 24,
  "AgentName": "DESKTOP-Q9JAL8D",
  "PoolId": 1,
  "PoolName": "Default",
  "ServerUrl": "https://pipelines.actions.githubusercontent.com/ARGCCvQCN6dSW3Ccze6yUrZs28dw8mIDs9b33ub6cuh3kK4uev",
  "GitHubUrl": "https://github.com/allybi-design/Vue3---Resources-App",
  "WorkFolder": "deploy"
}
[2021-03-24 12:25:57Z INFO MessageListener] Loading Credentials
[2021-03-24 12:25:57Z INFO ConfigurationStore] HasCredentials()
[2021-03-24 12:25:57Z INFO ConfigurationStore] stored True
[2021-03-24 12:25:57Z INFO CredentialManager] GetCredentialProvider
[2021-03-24 12:25:57Z INFO CredentialManager] Creating type OAuth
[2021-03-24 12:25:57Z INFO CredentialManager] Creating credential type: OAuth
[2021-03-24 12:25:57Z INFO HostContext] Well known directory 'Bin': 'D:\Web_projects\Udemy - complete Guilde to Vue3 by Max Sch NEW\Section 10 - App Learning Resource\runner\bin'
[2021-03-24 12:25:57Z INFO HostContext] Well known directory 'Root': 'D:\Web_projects\Udemy - complete Guilde to Vue3 by Max Sch NEW\Section 10 - App Learning Resource\runner'
[2021-03-24 12:25:57Z INFO HostContext] Well known config file 'RSACredentials': 'D:\Web_projects\Udemy - complete Guilde to Vue3 by Max Sch NEW\Section 10 - App Learning Resource\runner\.credentials_rsaparams'
[2021-03-24 12:25:57Z INFO RSAEncryptedFileKeyManager] Loading RSA key parameters from file D:\Web_projects\Udemy - complete Guilde to Vue3 by Max Sch NEW\Section 10 - App Learning Resource\runner\.credentials_rsaparams
[2021-03-24 12:25:57Z INFO MessageListener] Attempt to create session.
[2021-03-24 12:25:57Z INFO MessageListener] Connecting to the Runner Server...
[2021-03-24 12:25:57Z INFO RunnerServer] Establish connection with 100 seconds timeout.
[2021-03-24 12:25:57Z INFO GitHubActionsService] Starting operation Location.GetConnectionData
[2021-03-24 12:25:57Z INFO RunnerServer] Establish connection with 60 seconds timeout.
[2021-03-24 12:25:57Z INFO GitHubActionsService] Starting operation Location.GetConnectionData
[2021-03-24 12:25:57Z INFO RunnerServer] Establish connection with 60 seconds timeout.
[2021-03-24 12:25:57Z INFO GitHubActionsService] Starting operation Location.GetConnectionData
[2021-03-24 12:25:57Z INFO GitHubActionsService] Finished operation Location.GetConnectionData
[2021-03-24 12:25:58Z INFO GitHubActionsService] Finished operation Location.GetConnectionData
[2021-03-24 12:25:58Z INFO GitHubActionsService] Finished operation Location.GetConnectionData
[2021-03-24 12:25:58Z INFO MessageListener] VssConnection created
[2021-03-24 12:25:58Z INFO Terminal] WRITE LINE: 
[2021-03-24 12:25:58Z INFO Terminal] WRITE LINE: 
[2021-03-24 12:25:58Z WARN GitHubActionsService] Authentication failed with status code 401.
WWW-Authenticate: Bearer
Strict-Transport-Security: max-age=2592000
X-TFS-ProcessId: d875c717-77eb-4fac-b7e8-523d2f4f3cea
ActivityId: b7331324-fda8-4d10-9f72-c79e78bff771
X-TFS-Session: 3ce73a76-1f83-4338-b247-a46410c6eed1
X-VSS-E2EID: b3d2ee4d-1739-47f2-83c7-e066febe51f4
X-VSS-SenderDeploymentId: ac98198d-4d34-0364-420d-bafa6e51dce2
X-TFS-ServiceError: The+user+%27System%3aPublicAccess%3baaaaaaaa-aaaa-aaaa-aaaa-aaaaaaaaaaaa%27+is+not+authorized+to+access+this+resource.
X-VSS-S2STargetService: 0000005A-0000-8888-8000-000000000000/visualstudio.com
X-MSEdge-Ref: Ref A: 00B5F4B1D51E4F21A45D83F4F00CA792 Ref B: LON04EDGE0806 Ref C: 2021-03-24T12:25:59Z
Date: Wed, 24 Mar 2021 12:25:58 GMT

[2021-03-24 12:25:58Z INFO RSAEncryptedFileKeyManager] Loading RSA key parameters from file D:\Web_projects\Udemy - complete Guilde to Vue3 by Max Sch NEW\Section 10 - App Learning Resource\runner\.credentials_rsaparams
[2021-03-24 12:25:58Z INFO RSAEncryptedFileKeyManager] Loading RSA key parameters from file D:\Web_projects\Udemy - complete Guilde to Vue3 by Max Sch NEW\Section 10 - App Learning Resource\runner\.credentials_rsaparams
[2021-03-24 12:25:58Z INFO GitHubActionsService] AAD Correlation ID for this token request: Unknown
[2021-03-24 12:25:58Z INFO MessageListener] Session created.
[2021-03-24 12:25:58Z INFO Terminal] WRITE LINE: 2021-03-24 12:25:58Z: Listening for Jobs
[2021-03-24 12:25:58Z INFO JobDispatcher] Set runner/worker IPC timeout to 30 seconds.
[2021-03-24 12:56:03Z INFO MessageListener] No message retrieved from session '955866ee-07c4-42f1-8045-53a397700f7f' within last 30 minutes.
[2021-03-24 15:21:01Z WARN GitHubActionsService] GET request to https://pipelines.actions.githubusercontent.com/ARGCCvQCN6dSW3Ccze6yUrZs28dw8mIDs9b33ub6cuh3kK4uev/_apis/distributedtask/pools/1/messages?sessionId=955866ee-07c4-42f1-8045-53a397700f7f timed out after 60 seconds.
[2021-03-24 15:21:01Z ERR  MessageListener] Catch exception during get next message.
[2021-03-24 15:21:01Z ERR  MessageListener] System.TimeoutException: The HTTP request timed out after 00:01:00.
 ---> System.Threading.Tasks.TaskCanceledException: The operation was canceled.
   at System.Net.Http.ConnectHelper.ConnectAsync(String host, Int32 port, CancellationToken cancellationToken)
   at System.Net.Http.HttpConnectionPool.ConnectAsync(HttpRequestMessage request, Boolean allowHttp2, CancellationToken cancellationToken)
   at System.Net.Http.HttpConnectionPool.CreateHttp11ConnectionAsync(HttpRequestMessage request, CancellationToken cancellationToken)
   at System.Net.Http.HttpConnectionPool.GetHttpConnectionAsync(HttpRequestMessage request, CancellationToken cancellationToken)
   at System.Net.Http.HttpConnectionPool.SendWithRetryAsync(HttpRequestMessage request, Boolean doRequestAuth, CancellationToken cancellationToken)
   at System.Net.Http.AuthenticationHelper.SendWithAuthAsync(HttpRequestMessage request, Uri authUri, ICredentials credentials, Boolean preAuthenticate, Boolean isProxyAuth, Boolean doRequestAuth, HttpConnectionPool pool, CancellationToken cancellationToken)
   at System.Net.Http.DecompressionHandler.SendAsync(HttpRequestMessage request, CancellationToken cancellationToken)
   at GitHub.Services.Common.VssHttpMessageHandler.SendAsync(HttpRequestMessage request, CancellationToken cancellationToken)
   --- End of inner exception stack trace ---
   at GitHub.Services.Common.VssHttpMessageHandler.SendAsync(HttpRequestMessage request, CancellationToken cancellationToken)
   at GitHub.Services.Common.VssHttpRetryMessageHandler.SendAsync(HttpRequestMessage request, CancellationToken cancellationToken)
   at System.Net.Http.HttpClient.FinishSendAsyncBuffered(Task`1 sendTask, HttpRequestMessage request, CancellationTokenSource cts, Boolean disposeCts)
   at GitHub.Services.WebApi.VssHttpClientBase.SendAsync(HttpRequestMessage message, HttpCompletionOption completionOption, Object userState, CancellationToken cancellationToken)
   at GitHub.Services.WebApi.VssHttpClientBase.SendAsync[T](HttpRequestMessage message, Object userState, CancellationToken cancellationToken)
   at GitHub.Services.WebApi.VssHttpClientBase.SendAsync[T](HttpMethod method, IEnumerable`1 additionalHeaders, Guid locationId, Object routeValues, ApiResourceVersion version, HttpContent content, IEnumerable`1 queryParameters, Object userState, CancellationToken cancellationToken)
   at GitHub.Runner.Listener.MessageListener.GetNextMessageAsync(CancellationToken token)
[2021-03-24 15:21:01Z ERR  MessageListener] #####################################################
[2021-03-24 15:21:01Z ERR  MessageListener] System.Threading.Tasks.TaskCanceledException: The operation was canceled.
   at System.Net.Http.ConnectHelper.ConnectAsync(String host, Int32 port, CancellationToken cancellationToken)
   at System.Net.Http.HttpConnectionPool.ConnectAsync(HttpRequestMessage request, Boolean allowHttp2, CancellationToken cancellationToken)
   at System.Net.Http.HttpConnectionPool.CreateHttp11ConnectionAsync(HttpRequestMessage request, CancellationToken cancellationToken)
   at System.Net.Http.HttpConnectionPool.GetHttpConnectionAsync(HttpRequestMessage request, CancellationToken cancellationToken)
   at System.Net.Http.HttpConnectionPool.SendWithRetryAsync(HttpRequestMessage request, Boolean doRequestAuth, CancellationToken cancellationToken)
   at System.Net.Http.AuthenticationHelper.SendWithAuthAsync(HttpRequestMessage request, Uri authUri, ICredentials credentials, Boolean preAuthenticate, Boolean isProxyAuth, Boolean doRequestAuth, HttpConnectionPool pool, CancellationToken cancellationToken)
   at System.Net.Http.DecompressionHandler.SendAsync(HttpRequestMessage request, CancellationToken cancellationToken)
   at GitHub.Services.Common.VssHttpMessageHandler.SendAsync(HttpRequestMessage request, CancellationToken cancellationToken)
[2021-03-24 15:21:01Z INFO MessageListener] Retriable exception: The HTTP request timed out after 00:01:00.
[2021-03-24 15:21:01Z ERR  Terminal] WRITE ERROR: 2021-03-24 15:21:01Z: Runner connect error: The HTTP request timed out after 00:01:00.. Retrying until reconnected.
[2021-03-24 15:21:01Z INFO RunnerServer] Refresh MessageQueue VssConnection to get on a different AFD node.
[2021-03-24 15:21:01Z INFO RunnerServer] Establish connection with 60 seconds timeout.
[2021-03-24 15:21:01Z INFO GitHubActionsService] Starting operation Location.GetConnectionData
[2021-03-24 15:21:01Z ERR  GitHubActionsService] GET request to https://pipelines.actions.githubusercontent.com/ARGCCvQCN6dSW3Ccze6yUrZs28dw8mIDs9b33ub6cuh3kK4uev/_apis/connectionData?connectOptions=1&lastChangeId=1777665&lastChangeId64=1777665 failed. System.Net.Http.HttpRequestException: No such host is known.
 ---> System.Net.Sockets.SocketException (11001): No such host is known.
   at System.Net.Http.ConnectHelper.ConnectAsync(String host, Int32 port, CancellationToken cancellationToken)
   --- End of inner exception stack trace ---
   at System.Net.Http.ConnectHelper.ConnectAsync(String host, Int32 port, CancellationToken cancellationToken)
   at System.Net.Http.HttpConnectionPool.ConnectAsync(HttpRequestMessage request, Boolean allowHttp2, CancellationToken cancellationToken)
   at System.Net.Http.HttpConnectionPool.CreateHttp11ConnectionAsync(HttpRequestMessage request, CancellationToken cancellationToken)
   at System.Net.Http.HttpConnectionPool.GetHttpConnectionAsync(HttpRequestMessage request, CancellationToken cancellationToken)
   at System.Net.Http.HttpConnectionPool.SendWithRetryAsync(HttpRequestMessage request, Boolean doRequestAuth, CancellationToken cancellationToken)
   at System.Net.Http.AuthenticationHelper.SendWithAuthAsync(HttpRequestMessage request, Uri authUri, ICredentials credentials, Boolean preAuthenticate, Boolean isProxyAuth, Boolean doRequestAuth, HttpConnectionPool pool, CancellationToken cancellationToken)
   at System.Net.Http.DecompressionHandler.SendAsync(HttpRequestMessage request, CancellationToken cancellationToken)
   at GitHub.Services.Common.VssHttpMessageHandler.SendAsync(HttpRequestMessage request, CancellationToken cancellationToken)
   at GitHub.Services.Common.VssHttpRetryMessageHandler.SendAsync(HttpRequestMessage request, CancellationToken cancellationToken)
[2021-03-24 15:21:01Z INFO GitHubActionsService] Finished operation Location.GetConnectionData
[2021-03-24 15:21:01Z INFO RunnerServer] Catch exception during connect. 4 attempt left.
[2021-03-24 15:21:01Z ERR  RunnerServer] System.Net.Http.HttpRequestException: No such host is known.
 ---> System.Net.Sockets.SocketException (11001): No such host is known.
   at System.Net.Http.ConnectHelper.ConnectAsync(String host, Int32 port, CancellationToken cancellationToken)
   --- End of inner exception stack trace ---
   at GitHub.Services.Common.VssHttpRetryMessageHandler.SendAsync(HttpRequestMessage request, CancellationToken cancellationToken)
   at System.Net.Http.HttpClient.FinishSendAsyncBuffered(Task`1 sendTask, HttpRequestMessage request, CancellationTokenSource cts, Boolean disposeCts)
   at GitHub.Services.WebApi.VssHttpClientBase.SendAsync(HttpRequestMessage message, HttpCompletionOption completionOption, Object userState, CancellationToken cancellationToken)
   at GitHub.Services.WebApi.VssHttpClientBase.SendAsync[T](HttpRequestMessage message, Object userState, CancellationToken cancellationToken)
   at GitHub.Services.Location.Client.LocationHttpClient.GetConnectionDataAsync(ConnectOptions connectOptions, Int64 lastChangeId, CancellationToken cancellationToken, Object userState)
   at GitHub.Services.WebApi.Location.VssServerDataProvider.GetConnectionDataAsync(ConnectOptions connectOptions, Int32 lastChangeId, CancellationToken cancellationToken)
   at GitHub.Services.WebApi.Location.VssServerDataProvider.ConnectAsync(ConnectOptions connectOptions, CancellationToken cancellationToken)
   at GitHub.Runner.Common.RunnerServer.EstablishVssConnection(Uri serverUrl, VssCredentials credentials, TimeSpan timeout)
[2021-03-24 15:21:01Z ERR  RunnerServer] #####################################################
[2021-03-24 15:21:01Z ERR  RunnerServer] System.Net.Sockets.SocketException (11001): No such host is known.
   at System.Net.Http.ConnectHelper.ConnectAsync(String host, Int32 port, CancellationToken cancellationToken)
[2021-03-24 15:21:01Z INFO GitHubActionsService] Starting operation Location.GetConnectionData
[2021-03-24 15:21:01Z ERR  GitHubActionsService] GET request to https://pipelines.actions.githubusercontent.com/ARGCCvQCN6dSW3Ccze6yUrZs28dw8mIDs9b33ub6cuh3kK4uev/_apis/connectionData?connectOptions=1&lastChangeId=1777665&lastChangeId64=1777665 failed. System.Net.Http.HttpRequestException: No such host is known.
 ---> System.Net.Sockets.SocketException (11001): No such host is known.
   at System.Net.Http.ConnectHelper.ConnectAsync(String host, Int32 port, CancellationToken cancellationToken)
   --- End of inner exception stack trace ---
   at System.Net.Http.ConnectHelper.ConnectAsync(String host, Int32 port, CancellationToken cancellationToken)
   at System.Net.Http.HttpConnectionPool.ConnectAsync(HttpRequestMessage request, Boolean allowHttp2, CancellationToken cancellationToken)
   at System.Net.Http.HttpConnectionPool.CreateHttp11ConnectionAsync(HttpRequestMessage request, CancellationToken cancellationToken)
   at System.Net.Http.HttpConnectionPool.GetHttpConnectionAsync(HttpRequestMessage request, CancellationToken cancellationToken)
   at System.Net.Http.HttpConnectionPool.SendWithRetryAsync(HttpRequestMessage request, Boolean doRequestAuth, CancellationToken cancellationToken)
   at System.Net.Http.AuthenticationHelper.SendWithAuthAsync(HttpRequestMessage request, Uri authUri, ICredentials credentials, Boolean preAuthenticate, Boolean isProxyAuth, Boolean doRequestAuth, HttpConnectionPool pool, CancellationToken cancellationToken)
   at System.Net.Http.DecompressionHandler.SendAsync(HttpRequestMessage request, CancellationToken cancellationToken)
   at GitHub.Services.Common.VssHttpMessageHandler.SendAsync(HttpRequestMessage request, CancellationToken cancellationToken)
   at GitHub.Services.Common.VssHttpRetryMessageHandler.SendAsync(HttpRequestMessage request, CancellationToken cancellationToken)
[2021-03-24 15:21:01Z INFO GitHubActionsService] Finished operation Location.GetConnectionData
[2021-03-24 15:21:01Z INFO RunnerServer] Catch exception during connect. 3 attempt left.
[2021-03-24 15:21:01Z ERR  RunnerServer] System.Net.Http.HttpRequestException: No such host is known.
 ---> System.Net.Sockets.SocketException (11001): No such host is known.
   at System.Net.Http.ConnectHelper.ConnectAsync(String host, Int32 port, CancellationToken cancellationToken)
   --- End of inner exception stack trace ---
   at GitHub.Services.Common.VssHttpRetryMessageHandler.SendAsync(HttpRequestMessage request, CancellationToken cancellationToken)
   at System.Net.Http.HttpClient.FinishSendAsyncBuffered(Task`1 sendTask, HttpRequestMessage request, CancellationTokenSource cts, Boolean disposeCts)
   at GitHub.Services.WebApi.VssHttpClientBase.SendAsync(HttpRequestMessage message, HttpCompletionOption completionOption, Object userState, CancellationToken cancellationToken)
   at GitHub.Services.WebApi.VssHttpClientBase.SendAsync[T](HttpRequestMessage message, Object userState, CancellationToken cancellationToken)
   at GitHub.Services.Location.Client.LocationHttpClient.GetConnectionDataAsync(ConnectOptions connectOptions, Int64 lastChangeId, CancellationToken cancellationToken, Object userState)
   at GitHub.Services.WebApi.Location.VssServerDataProvider.GetConnectionDataAsync(ConnectOptions connectOptions, Int32 lastChangeId, CancellationToken cancellationToken)
   at GitHub.Services.WebApi.Location.VssServerDataProvider.ConnectAsync(ConnectOptions connectOptions, CancellationToken cancellationToken)
   at GitHub.Runner.Common.RunnerServer.EstablishVssConnection(Uri serverUrl, VssCredentials credentials, TimeSpan timeout)
[2021-03-24 15:21:01Z ERR  RunnerServer] #####################################################
[2021-03-24 15:21:01Z ERR  RunnerServer] System.Net.Sockets.SocketException (11001): No such host is known.
   at System.Net.Http.ConnectHelper.ConnectAsync(String host, Int32 port, CancellationToken cancellationToken)
[2021-03-24 15:21:01Z INFO GitHubActionsService] Starting operation Location.GetConnectionData
[2021-03-24 15:21:01Z ERR  GitHubActionsService] GET request to https://pipelines.actions.githubusercontent.com/ARGCCvQCN6dSW3Ccze6yUrZs28dw8mIDs9b33ub6cuh3kK4uev/_apis/connectionData?connectOptions=1&lastChangeId=1777665&lastChangeId64=1777665 failed. System.Net.Http.HttpRequestException: No such host is known.
 ---> System.Net.Sockets.SocketException (11001): No such host is known.
   at System.Net.Http.ConnectHelper.ConnectAsync(String host, Int32 port, CancellationToken cancellationToken)
   --- End of inner exception stack trace ---
   at System.Net.Http.ConnectHelper.ConnectAsync(String host, Int32 port, CancellationToken cancellationToken)
   at System.Net.Http.HttpConnectionPool.ConnectAsync(HttpRequestMessage request, Boolean allowHttp2, CancellationToken cancellationToken)
   at System.Net.Http.HttpConnectionPool.CreateHttp11ConnectionAsync(HttpRequestMessage request, CancellationToken cancellationToken)
   at System.Net.Http.HttpConnectionPool.GetHttpConnectionAsync(HttpRequestMessage request, CancellationToken cancellationToken)
   at System.Net.Http.HttpConnectionPool.SendWithRetryAsync(HttpRequestMessage request, Boolean doRequestAuth, CancellationToken cancellationToken)
   at System.Net.Http.AuthenticationHelper.SendWithAuthAsync(HttpRequestMessage request, Uri authUri, ICredentials credentials, Boolean preAuthenticate, Boolean isProxyAuth, Boolean doRequestAuth, HttpConnectionPool pool, CancellationToken cancellationToken)
   at System.Net.Http.DecompressionHandler.SendAsync(HttpRequestMessage request, CancellationToken cancellationToken)
   at GitHub.Services.Common.VssHttpMessageHandler.SendAsync(HttpRequestMessage request, CancellationToken cancellationToken)
   at GitHub.Services.Common.VssHttpRetryMessageHandler.SendAsync(HttpRequestMessage request, CancellationToken cancellationToken)
[2021-03-24 15:21:01Z INFO GitHubActionsService] Finished operation Location.GetConnectionData
[2021-03-24 15:21:01Z INFO RunnerServer] Catch exception during connect. 2 attempt left.
[2021-03-24 15:21:01Z ERR  RunnerServer] System.Net.Http.HttpRequestException: No such host is known.
 ---> System.Net.Sockets.SocketException (11001): No such host is known.
   at System.Net.Http.ConnectHelper.ConnectAsync(String host, Int32 port, CancellationToken cancellationToken)
   --- End of inner exception stack trace ---
   at GitHub.Services.Common.VssHttpRetryMessageHandler.SendAsync(HttpRequestMessage request, CancellationToken cancellationToken)
   at System.Net.Http.HttpClient.FinishSendAsyncBuffered(Task`1 sendTask, HttpRequestMessage request, CancellationTokenSource cts, Boolean disposeCts)
   at GitHub.Services.WebApi.VssHttpClientBase.SendAsync(HttpRequestMessage message, HttpCompletionOption completionOption, Object userState, CancellationToken cancellationToken)
   at GitHub.Services.WebApi.VssHttpClientBase.SendAsync[T](HttpRequestMessage message, Object userState, CancellationToken cancellationToken)
   at GitHub.Services.Location.Client.LocationHttpClient.GetConnectionDataAsync(ConnectOptions connectOptions, Int64 lastChangeId, CancellationToken cancellationToken, Object userState)
   at GitHub.Services.WebApi.Location.VssServerDataProvider.GetConnectionDataAsync(ConnectOptions connectOptions, Int32 lastChangeId, CancellationToken cancellationToken)
   at GitHub.Services.WebApi.Location.VssServerDataProvider.ConnectAsync(ConnectOptions connectOptions, CancellationToken cancellationToken)
   at GitHub.Runner.Common.RunnerServer.EstablishVssConnection(Uri serverUrl, VssCredentials credentials, TimeSpan timeout)
[2021-03-24 15:21:01Z ERR  RunnerServer] #####################################################
[2021-03-24 15:21:01Z ERR  RunnerServer] System.Net.Sockets.SocketException (11001): No such host is known.
   at System.Net.Http.ConnectHelper.ConnectAsync(String host, Int32 port, CancellationToken cancellationToken)
[2021-03-24 15:21:01Z INFO GitHubActionsService] Starting operation Location.GetConnectionData
[2021-03-24 15:21:01Z ERR  GitHubActionsService] GET request to https://pipelines.actions.githubusercontent.com/ARGCCvQCN6dSW3Ccze6yUrZs28dw8mIDs9b33ub6cuh3kK4uev/_apis/connectionData?connectOptions=1&lastChangeId=1777665&lastChangeId64=1777665 failed. System.Net.Http.HttpRequestException: No such host is known.
 ---> System.Net.Sockets.SocketException (11001): No such host is known.
   at System.Net.Http.ConnectHelper.ConnectAsync(String host, Int32 port, CancellationToken cancellationToken)
   --- End of inner exception stack trace ---
   at System.Net.Http.ConnectHelper.ConnectAsync(String host, Int32 port, CancellationToken cancellationToken)
   at System.Net.Http.HttpConnectionPool.ConnectAsync(HttpRequestMessage request, Boolean allowHttp2, CancellationToken cancellationToken)
   at System.Net.Http.HttpConnectionPool.CreateHttp11ConnectionAsync(HttpRequestMessage request, CancellationToken cancellationToken)
   at System.Net.Http.HttpConnectionPool.GetHttpConnectionAsync(HttpRequestMessage request, CancellationToken cancellationToken)
   at System.Net.Http.HttpConnectionPool.SendWithRetryAsync(HttpRequestMessage request, Boolean doRequestAuth, CancellationToken cancellationToken)
   at System.Net.Http.AuthenticationHelper.SendWithAuthAsync(HttpRequestMessage request, Uri authUri, ICredentials credentials, Boolean preAuthenticate, Boolean isProxyAuth, Boolean doRequestAuth, HttpConnectionPool pool, CancellationToken cancellationToken)
   at System.Net.Http.DecompressionHandler.SendAsync(HttpRequestMessage request, CancellationToken cancellationToken)
   at GitHub.Services.Common.VssHttpMessageHandler.SendAsync(HttpRequestMessage request, CancellationToken cancellationToken)
   at GitHub.Services.Common.VssHttpRetryMessageHandler.SendAsync(HttpRequestMessage request, CancellationToken cancellationToken)
[2021-03-24 15:21:01Z INFO GitHubActionsService] Finished operation Location.GetConnectionData
[2021-03-24 15:21:01Z INFO RunnerServer] Catch exception during connect. 1 attempt left.
[2021-03-24 15:21:01Z ERR  RunnerServer] System.Net.Http.HttpRequestException: No such host is known.
 ---> System.Net.Sockets.SocketException (11001): No such host is known.
   at System.Net.Http.ConnectHelper.ConnectAsync(String host, Int32 port, CancellationToken cancellationToken)
   --- End of inner exception stack trace ---
   at GitHub.Services.Common.VssHttpRetryMessageHandler.SendAsync(HttpRequestMessage request, CancellationToken cancellationToken)
   at System.Net.Http.HttpClient.FinishSendAsyncBuffered(Task`1 sendTask, HttpRequestMessage request, CancellationTokenSource cts, Boolean disposeCts)
   at GitHub.Services.WebApi.VssHttpClientBase.SendAsync(HttpRequestMessage message, HttpCompletionOption completionOption, Object userState, CancellationToken cancellationToken)
   at GitHub.Services.WebApi.VssHttpClientBase.SendAsync[T](HttpRequestMessage message, Object userState, CancellationToken cancellationToken)
   at GitHub.Services.Location.Client.LocationHttpClient.GetConnectionDataAsync(ConnectOptions connectOptions, Int64 lastChangeId, CancellationToken cancellationToken, Object userState)
   at GitHub.Services.WebApi.Location.VssServerDataProvider.GetConnectionDataAsync(ConnectOptions connectOptions, Int32 lastChangeId, CancellationToken cancellationToken)
   at GitHub.Services.WebApi.Location.VssServerDataProvider.ConnectAsync(ConnectOptions connectOptions, CancellationToken cancellationToken)
   at GitHub.Runner.Common.RunnerServer.EstablishVssConnection(Uri serverUrl, VssCredentials credentials, TimeSpan timeout)
[2021-03-24 15:21:01Z ERR  RunnerServer] #####################################################
[2021-03-24 15:21:01Z ERR  RunnerServer] System.Net.Sockets.SocketException (11001): No such host is known.
   at System.Net.Http.ConnectHelper.ConnectAsync(String host, Int32 port, CancellationToken cancellationToken)
[2021-03-24 15:21:01Z INFO GitHubActionsService] Starting operation Location.GetConnectionData
[2021-03-24 15:21:01Z ERR  GitHubActionsService] GET request to https://pipelines.actions.githubusercontent.com/ARGCCvQCN6dSW3Ccze6yUrZs28dw8mIDs9b33ub6cuh3kK4uev/_apis/connectionData?connectOptions=1&lastChangeId=1777665&lastChangeId64=1777665 failed. System.Net.Http.HttpRequestException: No such host is known.
 ---> System.Net.Sockets.SocketException (11001): No such host is known.
   at System.Net.Http.ConnectHelper.ConnectAsync(String host, Int32 port, CancellationToken cancellationToken)
   --- End of inner exception stack trace ---
   at System.Net.Http.ConnectHelper.ConnectAsync(String host, Int32 port, CancellationToken cancellationToken)
   at System.Net.Http.HttpConnectionPool.ConnectAsync(HttpRequestMessage request, Boolean allowHttp2, CancellationToken cancellationToken)
   at System.Net.Http.HttpConnectionPool.CreateHttp11ConnectionAsync(HttpRequestMessage request, CancellationToken cancellationToken)
   at System.Net.Http.HttpConnectionPool.GetHttpConnectionAsync(HttpRequestMessage request, CancellationToken cancellationToken)
   at System.Net.Http.HttpConnectionPool.SendWithRetryAsync(HttpRequestMessage request, Boolean doRequestAuth, CancellationToken cancellationToken)
   at System.Net.Http.AuthenticationHelper.SendWithAuthAsync(HttpRequestMessage request, Uri authUri, ICredentials credentials, Boolean preAuthenticate, Boolean isProxyAuth, Boolean doRequestAuth, HttpConnectionPool pool, CancellationToken cancellationToken)
   at System.Net.Http.DecompressionHandler.SendAsync(HttpRequestMessage request, CancellationToken cancellationToken)
   at GitHub.Services.Common.VssHttpMessageHandler.SendAsync(HttpRequestMessage request, CancellationToken cancellationToken)
   at GitHub.Services.Common.VssHttpRetryMessageHandler.SendAsync(HttpRequestMessage request, CancellationToken cancellationToken)
[2021-03-24 15:21:01Z INFO GitHubActionsService] Finished operation Location.GetConnectionData
[2021-03-24 15:21:01Z ERR  RunnerServer] Catch exception during reset MessageQueue connection.
[2021-03-24 15:21:01Z ERR  RunnerServer] System.Net.Http.HttpRequestException: No such host is known.
 ---> System.Net.Sockets.SocketException (11001): No such host is known.
   at System.Net.Http.ConnectHelper.ConnectAsync(String host, Int32 port, CancellationToken cancellationToken)
   --- End of inner exception stack trace ---
   at GitHub.Services.Common.VssHttpRetryMessageHandler.SendAsync(HttpRequestMessage request, CancellationToken cancellationToken)
   at System.Net.Http.HttpClient.FinishSendAsyncBuffered(Task`1 sendTask, HttpRequestMessage request, CancellationTokenSource cts, Boolean disposeCts)
   at GitHub.Services.WebApi.VssHttpClientBase.SendAsync(HttpRequestMessage message, HttpCompletionOption completionOption, Object userState, CancellationToken cancellationToken)
   at GitHub.Services.WebApi.VssHttpClientBase.SendAsync[T](HttpRequestMessage message, Object userState, CancellationToken cancellationToken)
   at GitHub.Services.Location.Client.LocationHttpClient.GetConnectionDataAsync(ConnectOptions connectOptions, Int64 lastChangeId, CancellationToken cancellationToken, Object userState)
   at GitHub.Services.WebApi.Location.VssServerDataProvider.GetConnectionDataAsync(ConnectOptions connectOptions, Int32 lastChangeId, CancellationToken cancellationToken)
   at GitHub.Services.WebApi.Location.VssServerDataProvider.ConnectAsync(ConnectOptions connectOptions, CancellationToken cancellationToken)
   at GitHub.Runner.Common.RunnerServer.EstablishVssConnection(Uri serverUrl, VssCredentials credentials, TimeSpan timeout)
   at GitHub.Runner.Common.RunnerServer.RefreshConnectionAsync(RunnerConnectionType connectionType, TimeSpan timeout)
[2021-03-24 15:21:01Z ERR  RunnerServer] #####################################################
[2021-03-24 15:21:01Z ERR  RunnerServer] System.Net.Sockets.SocketException (11001): No such host is known.
   at System.Net.Http.ConnectHelper.ConnectAsync(String host, Int32 port, CancellationToken cancellationToken)
[2021-03-24 15:21:01Z INFO MessageListener] Sleeping for 25.893 seconds before retrying.
[2021-03-24 15:21:27Z INFO MessageListener] No message retrieved from session '955866ee-07c4-42f1-8045-53a397700f7f' within last 30 minutes.
[2021-03-24 15:21:28Z WARN GitHubActionsService] Authentication failed with status code 401.
WWW-Authenticate: Bearer
Strict-Transport-Security: max-age=2592000
X-TFS-ProcessId: 7aef7585-76cc-4a33-9709-09b5f580499e
ActivityId: 13fba7da-57d5-4d99-a5aa-e4e7f6914446
X-TFS-Session: 3ce73a76-1f83-4338-b247-a46410c6eed1
X-VSS-E2EID: 3a66dfec-cc32-48a7-884d-97b296482c5b
X-VSS-SenderDeploymentId: ac98198d-4d34-0364-420d-bafa6e51dce2
X-TFS-ServiceError: The+user+%27System%3aPublicAccess%3baaaaaaaa-aaaa-aaaa-aaaa-aaaaaaaaaaaa%27+is+not+authorized+to+access+this+resource.
X-VSS-S2STargetService: 0000005A-0000-8888-8000-000000000000/visualstudio.com
X-MSEdge-Ref: Ref A: 7F91C18AEEB841D2852BFABB2AD0A190 Ref B: LTSEDGE0908 Ref C: 2021-03-24T15:21:29Z
Date: Wed, 24 Mar 2021 15:21:28 GMT

[2021-03-24 15:21:28Z INFO RSAEncryptedFileKeyManager] Loading RSA key parameters from file D:\Web_projects\Udemy - complete Guilde to Vue3 by Max Sch NEW\Section 10 - App Learning Resource\runner\.credentials_rsaparams
[2021-03-24 15:21:28Z INFO GitHubActionsService] AAD Correlation ID for this token request: Unknown
[2021-03-24 15:22:18Z INFO Terminal] WRITE LINE: 2021-03-24 15:22:18Z: Runner reconnected.
[2021-03-24 15:23:34Z INFO RSAEncryptedFileKeyManager] Loading RSA key parameters from file D:\Web_projects\Udemy - complete Guilde to Vue3 by Max Sch NEW\Section 10 - App Learning Resource\runner\.credentials_rsaparams
[2021-03-24 15:23:34Z INFO MessageListener] Message '1' received from session '955866ee-07c4-42f1-8045-53a397700f7f'.
[2021-03-24 15:23:34Z INFO JobDispatcher] Job request 28 for plan 16685b3f-f53f-48d5-ae08-5129582ba6d0 job 9401685c-2fe3-55d8-df43-398be35d1e48 received.
[2021-03-24 15:23:34Z INFO JobDispatcher] Pull OrchestrationId 16685b3f-f53f-48d5-ae08-5129582ba6d0.build._15_x from JWT claims
[2021-03-24 15:23:34Z INFO Terminal] WRITE LINE: 2021-03-24 15:23:34Z: Running job: build (15.x)
[2021-03-24 15:23:34Z INFO JobDispatcher] Start renew job request 28 for job 9401685c-2fe3-55d8-df43-398be35d1e48.
[2021-03-24 15:23:35Z INFO JobDispatcher] Successfully renew job request 28, job is valid till 24/03/2021 15:33:36
[2021-03-24 15:23:35Z INFO HostContext] Well known directory 'Bin': 'D:\Web_projects\Udemy - complete Guilde to Vue3 by Max Sch NEW\Section 10 - App Learning Resource\runner\bin'
[2021-03-24 15:23:35Z INFO ProcessInvokerWrapper] Starting process:
[2021-03-24 15:23:35Z INFO ProcessInvokerWrapper]   File name: 'D:\Web_projects\Udemy - complete Guilde to Vue3 by Max Sch NEW\Section 10 - App Learning Resource\runner\bin\Runner.Worker.exe'
[2021-03-24 15:23:35Z INFO ProcessInvokerWrapper]   Arguments: 'spawnclient 3504 3192'
[2021-03-24 15:23:35Z INFO ProcessInvokerWrapper]   Working directory: 'D:\Web_projects\Udemy - complete Guilde to Vue3 by Max Sch NEW\Section 10 - App Learning Resource\runner\bin'
[2021-03-24 15:23:35Z INFO ProcessInvokerWrapper]   Require exit code zero: 'False'
[2021-03-24 15:23:35Z INFO ProcessInvokerWrapper]   Encoding web name:  ; code page: ''
[2021-03-24 15:23:35Z INFO ProcessInvokerWrapper]   Force kill process on cancellation: 'True'
[2021-03-24 15:23:35Z INFO ProcessInvokerWrapper]   Redirected STDIN: 'False'
[2021-03-24 15:23:35Z INFO ProcessInvokerWrapper]   Persist current code page: 'False'
[2021-03-24 15:23:35Z INFO ProcessInvokerWrapper]   Keep redirected STDIN open: 'False'
[2021-03-24 15:23:35Z INFO ProcessInvokerWrapper]   High priority process: 'True'
[2021-03-24 15:23:35Z INFO ProcessInvokerWrapper] Process started with process id 16396, waiting for process exit.
[2021-03-24 15:23:35Z INFO JobDispatcher] Send job request message to worker for job 9401685c-2fe3-55d8-df43-398be35d1e48.
[2021-03-24 15:23:36Z INFO JobNotification] Entering JobStarted Notification
[2021-03-24 15:23:36Z INFO JobNotification] Entering StartMonitor
[2021-03-24 15:24:35Z INFO JobDispatcher] Successfully renew job request 28, job is valid till 24/03/2021 15:34:36
[2021-03-24 15:25:35Z INFO JobDispatcher] Successfully renew job request 28, job is valid till 24/03/2021 15:35:36
[2021-03-24 15:26:35Z INFO JobDispatcher] Successfully renew job request 28, job is valid till 24/03/2021 15:36:36
[2021-03-24 15:27:35Z INFO JobDispatcher] Successfully renew job request 28, job is valid till 24/03/2021 15:37:36
[2021-03-24 15:28:35Z INFO JobDispatcher] Successfully renew job request 28, job is valid till 24/03/2021 15:38:36
[2021-03-24 15:29:36Z INFO JobDispatcher] Successfully renew job request 28, job is valid till 24/03/2021 15:39:37
